<?xml version="1.0" encoding="UTF-8"?>
<!-- Generated by org.testng.reporters.JUnitReportReporter -->
<testsuite hostname="LAPTOP-U75F80C7" failures="0" tests="2" name="Navigation.LoginPageNavigation" time="13.075" errors="0" timestamp="2022-03-14T00:37:47 CET" skipped="0">
  <testcase classname="Navigation.LoginPageNavigation" name="LogintestCaseMethod" time="0.927"/>
  <system-out/>
  <testcase classname="Navigation.LoginPageNavigation" name="NavigationTestCaseModule" time="12.148"/>
  <system-out/>
</testsuite> <!-- Navigation.LoginPageNavigation -->
