<?xml version="1.0" encoding="UTF-8"?>
<!-- Generated by org.testng.reporters.JUnitReportReporter -->
<testsuite hostname="LAPTOP-U75F80C7" failures="0" tests="1" name="Master.temp" time="0.022" errors="0" timestamp="2022-03-12T21:44:13 CET" skipped="0">
  <testcase classname="Master.temp" name="temp" time="0.022"/>
  <system-out/>
</testsuite> <!-- Master.temp -->
