<?xml version="1.0" encoding="UTF-8"?>
<!-- Generated by org.testng.reporters.JUnitReportReporter -->
<testsuite hostname="LAPTOP-U75F80C7" failures="0" tests="1" name="Login.FunctionLoginTestCase" time="0.990" errors="0" timestamp="2022-03-12T22:34:43 CET" skipped="0">
  <testcase classname="Login.FunctionLoginTestCase" name="LogintestCaseMethod" time="0.990"/>
  <system-out/>
</testsuite> <!-- Login.FunctionLoginTestCase -->
