<?xml version="1.0" encoding="UTF-8"?>
<!-- Generated by org.testng.reporters.JUnitReportReporter -->
<testsuite hostname="LAPTOP-U75F80C7" failures="0" tests="1" name="Master.Base" time="0.013" errors="0" timestamp="2022-03-12T21:27:12 CET" skipped="0">
  <testcase classname="Master.Base" name="sample" time="0.013"/>
  <system-out/>
</testsuite> <!-- Master.Base -->
